
FINDING CHANGES, start time: 2022-02-23 03:06:04 
verse.shape=(3231, 19)
verse_refresh.shape=(3110, 5)
Most recent refresh dates: last_refresh
2021-11-09    156
2021-11-23     55
2021-12-14    218
2022-01-19    124
2022-01-22      1
dtype: int64
latest_refresh_date=datetime.date(2022, 1, 22)
last_update_date=datetime.date(2022, 1, 22)
NO REGRID REFRESHES FOUND, current time: 2022-02-23 03:06:05 
SCRIPT find_changes.py completed, finish time: 2022-02-23 03:06:05 
==========================================
==========================================
FINDING CHANGES, start time: 2022-02-24 03:06:02 
==========================================
FINDING CHANGES, start time: 2022-02-25 03:06:03 
verse.shape=(3231, 19)
verse_refresh.shape=(3110, 5)
Most recent refresh dates: last_refresh
2021-11-09    156
2021-11-23     55
2021-12-14    218
2022-01-19    124
2022-01-22      1
dtype: int64
latest_refresh_date=datetime.date(2022, 1, 22)
last_update_date=datetime.date(2022, 1, 22)
NO REGRID REFRESHES FOUND, current time: 2022-02-25 03:06:04 
SCRIPT find_changes.py completed, finish time: 2022-02-25 03:06:04 
==========================================
==========================================
FINDING CHANGES, start time: 2022-02-26 03:06:02 
verse.shape=(3231, 19)
verse_refresh.shape=(3110, 5)
Most recent refresh dates: last_refresh
2021-11-09    156
2021-11-23     55
2021-12-14    218
2022-01-19    124
2022-01-22      1
dtype: int64
latest_refresh_date=datetime.date(2022, 1, 22)
last_update_date=datetime.date(2022, 1, 22)
NO REGRID REFRESHES FOUND, current time: 2022-02-26 03:06:03 
SCRIPT find_changes.py completed, finish time: 2022-02-26 03:06:03 
==========================================
==========================================
FINDING CHANGES, start time: 2022-02-27 03:06:02 
verse.shape=(3231, 19)
verse_refresh.shape=(3110, 5)
Most recent refresh dates: last_refresh
2021-11-09    156
2021-11-23     55
2021-12-14    218
2022-01-19    124
2022-01-22      1
dtype: int64
latest_refresh_date=datetime.date(2022, 1, 22)
last_update_date=datetime.date(2022, 1, 22)
NO REGRID REFRESHES FOUND, current time: 2022-02-27 03:06:02 
SCRIPT find_changes.py completed, finish time: 2022-02-27 03:06:02 
==========================================
==========================================
FINDING CHANGES, start time: 2022-02-28 03:06:02 
verse.shape=(3231, 19)
verse_refresh.shape=(3110, 5)
Most recent refresh dates: last_refresh
2021-11-09    156
2021-11-23     55
2021-12-14    218
2022-01-19    124
2022-01-22      1
dtype: int64
latest_refresh_date=datetime.date(2022, 1, 22)
last_update_date=datetime.date(2022, 1, 22)
NO REGRID REFRESHES FOUND, current time: 2022-02-28 03:06:03 
SCRIPT find_changes.py completed, finish time: 2022-02-28 03:06:03 
==========================================
==========================================
FINDING CHANGES, start time: 2022-03-01 03:06:02 
verse.shape=(3231, 19)
verse_refresh.shape=(3110, 5)
Most recent refresh dates: last_refresh
2021-11-09    156
2021-11-23     55
2021-12-14    218
2022-01-19    124
2022-01-22      1
dtype: int64
latest_refresh_date=datetime.date(2022, 1, 22)
last_update_date=datetime.date(2022, 1, 22)
NO REGRID REFRESHES FOUND, current time: 2022-03-01 03:06:03 
SCRIPT find_changes.py completed, finish time: 2022-03-01 03:06:03 
==========================================
==========================================
FINDING CHANGES, start time: 2022-03-02 03:06:02 
verse.shape=(3231, 19)
verse_refresh.shape=(3110, 5)
Most recent refresh dates: last_refresh
2021-11-09    156
2021-11-23     55
2021-12-14    218
2022-01-19    124
2022-01-22      1
dtype: int64
latest_refresh_date=datetime.date(2022, 1, 22)
last_update_date=datetime.date(2022, 1, 22)
NO REGRID REFRESHES FOUND, current time: 2022-03-02 03:06:02 
SCRIPT find_changes.py completed, finish time: 2022-03-02 03:06:02 
==========================================
==========================================
FINDING CHANGES, start time: 2022-03-03 03:06:02 
verse.shape=(3231, 19)
verse_refresh.shape=(3110, 5)
Most recent refresh dates: last_refresh
2021-11-09    156
2021-11-23     55
2021-12-14    218
2022-01-19    124
2022-01-22      1
dtype: int64
latest_refresh_date=datetime.date(2022, 1, 22)
last_update_date=datetime.date(2022, 1, 22)
NO REGRID REFRESHES FOUND, current time: 2022-03-03 03:06:03 
SCRIPT find_changes.py completed, finish time: 2022-03-03 03:06:03 
==========================================
==========================================
FINDING CHANGES, start time: 2022-03-04 03:06:02 
verse.shape=(3231, 19)
verse_refresh.shape=(3110, 5)
Most recent refresh dates: last_refresh
2021-11-09    156
2021-11-23     55
2021-12-14    218
2022-01-19    124
2022-01-22      1
dtype: int64
latest_refresh_date=datetime.date(2022, 1, 22)
last_update_date=datetime.date(2022, 1, 22)
NO REGRID REFRESHES FOUND, current time: 2022-03-04 03:06:04 
SCRIPT find_changes.py completed, finish time: 2022-03-04 03:06:04 
==========================================
==========================================
FINDING CHANGES, start time: 2022-03-05 03:06:02 
verse.shape=(3231, 19)
verse_refresh.shape=(3110, 5)
Most recent refresh dates: last_refresh
2021-11-09    156
2021-11-23     55
2021-12-14    218
2022-01-19    124
2022-01-22      1
dtype: int64
latest_refresh_date=datetime.date(2022, 1, 22)
last_update_date=datetime.date(2022, 1, 22)
NO REGRID REFRESHES FOUND, current time: 2022-03-05 03:06:03 
SCRIPT find_changes.py completed, finish time: 2022-03-05 03:06:03 
==========================================
==========================================
FINDING CHANGES, start time: 2022-03-06 03:06:02 
verse.shape=(3231, 19)
verse_refresh.shape=(3110, 5)
Most recent refresh dates: last_refresh
2021-11-09    156
2021-11-23     55
2021-12-14    218
2022-01-19    124
2022-01-22      1
dtype: int64
latest_refresh_date=datetime.date(2022, 1, 22)
last_update_date=datetime.date(2022, 1, 22)
NO REGRID REFRESHES FOUND, current time: 2022-03-06 03:06:03 
SCRIPT find_changes.py completed, finish time: 2022-03-06 03:06:03 
==========================================
==========================================
FINDING CHANGES, start time: 2022-03-07 03:06:02 
verse.shape=(3231, 19)
verse_refresh.shape=(3110, 5)
Most recent refresh dates: last_refresh
2021-11-09    156
2021-11-23     55
2021-12-14    218
2022-01-19    124
2022-01-22      1
dtype: int64
latest_refresh_date=datetime.date(2022, 1, 22)
last_update_date=datetime.date(2022, 1, 22)
NO REGRID REFRESHES FOUND, current time: 2022-03-07 03:06:02 
SCRIPT find_changes.py completed, finish time: 2022-03-07 03:06:02 
==========================================
==========================================
FINDING CHANGES, start time: 2022-03-08 03:06:01 
verse.shape=(3231, 19)
verse_refresh.shape=(3110, 5)
Most recent refresh dates: last_refresh
2021-11-09    156
2021-11-23     55
2021-12-14    218
2022-01-19    124
2022-01-22      1
dtype: int64
latest_refresh_date=datetime.date(2022, 1, 22)
last_update_date=datetime.date(2022, 1, 22)
NO REGRID REFRESHES FOUND, current time: 2022-03-08 03:06:02 
SCRIPT find_changes.py completed, finish time: 2022-03-08 03:06:02 
==========================================
==========================================
FINDING CHANGES, start time: 2022-03-09 03:06:03 
verse.shape=(3231, 19)
verse_refresh.shape=(3110, 5)
Most recent refresh dates: last_refresh
2021-11-09    156
2021-11-23     55
2021-12-14    218
2022-01-19    124
2022-01-22      1
dtype: int64
latest_refresh_date=datetime.date(2022, 1, 22)
last_update_date=datetime.date(2022, 1, 22)
NO REGRID REFRESHES FOUND, current time: 2022-03-09 03:06:04 
SCRIPT find_changes.py completed, finish time: 2022-03-09 03:06:04 
==========================================
==========================================
FINDING CHANGES, start time: 2022-03-10 03:06:02 
verse.shape=(3231, 19)
verse_refresh.shape=(3110, 5)
Most recent refresh dates: last_refresh
2021-11-09    156
2021-11-23     55
2021-12-14    218
2022-01-19    124
2022-01-22      1
dtype: int64
latest_refresh_date=datetime.date(2022, 1, 22)
last_update_date=datetime.date(2022, 1, 22)
NO REGRID REFRESHES FOUND, current time: 2022-03-10 03:06:03 
SCRIPT find_changes.py completed, finish time: 2022-03-10 03:06:03 
==========================================
==========================================
FINDING CHANGES, start time: 2022-03-11 03:06:03 
verse.shape=(3231, 19)
verse_refresh.shape=(3110, 5)
Most recent refresh dates: last_refresh
2021-11-09    156
2021-11-23     55
2021-12-14    218
2022-01-19    124
2022-01-22      1
dtype: int64
latest_refresh_date=datetime.date(2022, 1, 22)
last_update_date=datetime.date(2022, 1, 22)
NO REGRID REFRESHES FOUND, current time: 2022-03-11 03:06:04 
SCRIPT find_changes.py completed, finish time: 2022-03-11 03:06:04 
==========================================
==========================================
FINDING CHANGES, start time: 2022-03-12 03:06:03 
verse.shape=(3231, 19)
verse_refresh.shape=(3110, 5)
Most recent refresh dates: last_refresh
2021-11-09    156
2021-11-23     55
2021-12-14    218
2022-01-19    124
2022-01-22      1
dtype: int64
latest_refresh_date=datetime.date(2022, 1, 22)
last_update_date=datetime.date(2022, 1, 22)
NO REGRID REFRESHES FOUND, current time: 2022-03-12 03:06:03 
SCRIPT find_changes.py completed, finish time: 2022-03-12 03:06:03 
==========================================
==========================================
FINDING CHANGES, start time: 2022-03-13 03:06:02 
verse.shape=(3231, 19)
verse_refresh.shape=(3110, 5)
Most recent refresh dates: last_refresh
2021-11-09    156
2021-11-23     55
2021-12-14    218
2022-01-19    124
2022-01-22      1
dtype: int64
latest_refresh_date=datetime.date(2022, 1, 22)
last_update_date=datetime.date(2022, 1, 22)
NO REGRID REFRESHES FOUND, current time: 2022-03-13 03:06:03 
SCRIPT find_changes.py completed, finish time: 2022-03-13 03:06:03 
==========================================
==========================================
FINDING CHANGES, start time: 2022-03-14 03:06:02 
verse.shape=(3231, 19)
verse_refresh.shape=(3110, 5)
Most recent refresh dates: last_refresh
2021-11-09    156
2021-11-23     55
2021-12-14    218
2022-01-19    124
2022-01-22      1
dtype: int64
latest_refresh_date=datetime.date(2022, 1, 22)
last_update_date=datetime.date(2022, 1, 22)
NO REGRID REFRESHES FOUND, current time: 2022-03-14 03:06:02 
SCRIPT find_changes.py completed, finish time: 2022-03-14 03:06:02 
==========================================
==========================================
FINDING CHANGES, start time: 2022-03-15 03:06:03 
verse.shape=(3231, 19)
verse_refresh.shape=(3110, 5)
Most recent refresh dates: last_refresh
2021-11-09    156
2021-11-23     55
2021-12-14    218
2022-01-19    124
2022-01-22      1
dtype: int64
latest_refresh_date=datetime.date(2022, 1, 22)
last_update_date=datetime.date(2022, 1, 22)
NO REGRID REFRESHES FOUND, current time: 2022-03-15 03:06:03 
SCRIPT find_changes.py completed, finish time: 2022-03-15 03:06:03 
==========================================
==========================================
FINDING CHANGES, start time: 2022-03-16 03:06:02 
verse.shape=(3231, 19)
verse_refresh.shape=(3110, 5)
Most recent refresh dates: last_refresh
2021-11-09    156
2021-11-23     55
2021-12-14    218
2022-01-19    124
2022-01-22      1
dtype: int64
latest_refresh_date=datetime.date(2022, 1, 22)
last_update_date=datetime.date(2022, 1, 22)
NO REGRID REFRESHES FOUND, current time: 2022-03-16 03:06:03 
SCRIPT find_changes.py completed, finish time: 2022-03-16 03:06:03 
==========================================
==========================================
FINDING CHANGES, start time: 2022-03-17 03:06:02 
verse.shape=(3231, 19)
verse_refresh.shape=(3110, 5)
Most recent refresh dates: last_refresh
2021-11-09    156
2021-11-23     55
2021-12-14    218
2022-01-19    124
2022-01-22      1
dtype: int64
latest_refresh_date=datetime.date(2022, 1, 22)
last_update_date=datetime.date(2022, 1, 22)
NO REGRID REFRESHES FOUND, current time: 2022-03-17 03:06:02 
SCRIPT find_changes.py completed, finish time: 2022-03-17 03:06:02 
==========================================
==========================================
FINDING CHANGES, start time: 2022-03-18 03:06:02 
verse.shape=(3231, 19)
verse_refresh.shape=(3110, 5)
Most recent refresh dates: last_refresh
2021-11-09    156
2021-11-23     55
2021-12-14    218
2022-01-19    124
2022-01-22      1
dtype: int64
latest_refresh_date=datetime.date(2022, 1, 22)
last_update_date=datetime.date(2022, 1, 22)
NO REGRID REFRESHES FOUND, current time: 2022-03-18 03:06:03 
SCRIPT find_changes.py completed, finish time: 2022-03-18 03:06:03 
==========================================
==========================================
FINDING CHANGES, start time: 2022-03-19 03:06:02 
verse.shape=(3231, 19)
verse_refresh.shape=(3110, 5)
Most recent refresh dates: last_refresh
2021-11-09    156
2021-11-23     55
2021-12-14    218
2022-01-19    124
2022-01-22      1
dtype: int64
latest_refresh_date=datetime.date(2022, 1, 22)
last_update_date=datetime.date(2022, 1, 22)
NO REGRID REFRESHES FOUND, current time: 2022-03-19 03:06:03 
SCRIPT find_changes.py completed, finish time: 2022-03-19 03:06:03 
==========================================
==========================================
FINDING CHANGES, start time: 2022-03-20 03:06:02 
verse.shape=(3231, 19)
verse_refresh.shape=(3110, 5)
Most recent refresh dates: last_refresh
2021-11-09    156
2021-11-23     55
2021-12-14    218
2022-01-19    124
2022-01-22      1
dtype: int64
latest_refresh_date=datetime.date(2022, 1, 22)
last_update_date=datetime.date(2022, 1, 22)
NO REGRID REFRESHES FOUND, current time: 2022-03-20 03:06:03 
SCRIPT find_changes.py completed, finish time: 2022-03-20 03:06:03 
==========================================
==========================================
FINDING CHANGES, start time: 2022-03-21 03:06:01 
verse.shape=(3231, 19)
verse_refresh.shape=(3110, 5)
Most recent refresh dates: last_refresh
2021-11-09    156
2021-11-23     55
2021-12-14    218
2022-01-19    124
2022-01-22      1
dtype: int64
latest_refresh_date=datetime.date(2022, 1, 22)
last_update_date=datetime.date(2022, 1, 22)
NO REGRID REFRESHES FOUND, current time: 2022-03-21 03:06:02 
SCRIPT find_changes.py completed, finish time: 2022-03-21 03:06:02 
==========================================
==========================================
FINDING CHANGES, start time: 2022-03-22 03:06:02 
verse.shape=(3231, 19)
verse_refresh.shape=(3110, 5)
Most recent refresh dates: last_refresh
2021-11-09    156
2021-11-23     55
2021-12-14    218
2022-01-19    124
2022-01-22      1
dtype: int64
latest_refresh_date=datetime.date(2022, 1, 22)
last_update_date=datetime.date(2022, 1, 22)
NO REGRID REFRESHES FOUND, current time: 2022-03-22 03:06:04 
SCRIPT find_changes.py completed, finish time: 2022-03-22 03:06:04 
==========================================
==========================================
FINDING CHANGES, start time: 2022-03-23 03:06:02 
verse.shape=(3231, 19)
verse_refresh.shape=(3110, 5)
Most recent refresh dates: last_refresh
2021-11-09    156
2021-11-23     55
2021-12-14    218
2022-01-19    124
2022-01-22      1
dtype: int64
latest_refresh_date=datetime.date(2022, 1, 22)
last_update_date=datetime.date(2022, 1, 22)
NO REGRID REFRESHES FOUND, current time: 2022-03-23 03:06:02 
SCRIPT find_changes.py completed, finish time: 2022-03-23 03:06:02 
==========================================
==========================================
FINDING CHANGES, start time: 2022-03-24 03:06:02 
verse.shape=(3231, 19)
verse_refresh.shape=(3110, 5)
Most recent refresh dates: last_refresh
2021-11-09    156
2021-11-23     55
2021-12-14    218
2022-01-19    124
2022-01-22      1
dtype: int64
latest_refresh_date=datetime.date(2022, 1, 22)
last_update_date=datetime.date(2022, 1, 22)
NO REGRID REFRESHES FOUND, current time: 2022-03-24 03:06:03 
SCRIPT find_changes.py completed, finish time: 2022-03-24 03:06:03 
==========================================
==========================================
FINDING CHANGES, start time: 2022-03-25 03:06:02 
verse.shape=(3231, 19)
verse_refresh.shape=(3110, 5)
Most recent refresh dates: last_refresh
2021-11-09    156
2021-11-23     55
2021-12-14    218
2022-01-19    124
2022-01-22      1
dtype: int64
latest_refresh_date=datetime.date(2022, 1, 22)
last_update_date=datetime.date(2022, 1, 22)
NO REGRID REFRESHES FOUND, current time: 2022-03-25 03:06:03 
SCRIPT find_changes.py completed, finish time: 2022-03-25 03:06:03 
==========================================
==========================================
FINDING CHANGES, start time: 2022-03-26 03:06:02 
verse.shape=(3231, 19)
verse_refresh.shape=(3110, 5)
Most recent refresh dates: last_refresh
2021-11-09    156
2021-11-23     55
2021-12-14    218
2022-01-19    124
2022-01-22      1
dtype: int64
latest_refresh_date=datetime.date(2022, 1, 22)
last_update_date=datetime.date(2022, 1, 22)
NO REGRID REFRESHES FOUND, current time: 2022-03-26 03:06:02 
SCRIPT find_changes.py completed, finish time: 2022-03-26 03:06:02 
==========================================
==========================================
FINDING CHANGES, start time: 2022-03-27 03:06:02 
verse.shape=(3231, 19)
verse_refresh.shape=(3110, 5)
Most recent refresh dates: last_refresh
2021-11-09    156
2021-11-23     55
2021-12-14    218
2022-01-19    124
2022-01-22      1
dtype: int64
latest_refresh_date=datetime.date(2022, 1, 22)
last_update_date=datetime.date(2022, 1, 22)
NO REGRID REFRESHES FOUND, current time: 2022-03-27 03:06:03 
SCRIPT find_changes.py completed, finish time: 2022-03-27 03:06:03 
==========================================
==========================================
FINDING CHANGES, start time: 2022-03-28 03:06:03 
verse.shape=(3231, 19)
verse_refresh.shape=(3110, 5)
Most recent refresh dates: last_refresh
2021-11-09    156
2021-11-23     55
2021-12-14    218
2022-01-19    124
2022-01-22      1
dtype: int64
latest_refresh_date=datetime.date(2022, 1, 22)
last_update_date=datetime.date(2022, 1, 22)
NO REGRID REFRESHES FOUND, current time: 2022-03-28 03:06:03 
SCRIPT find_changes.py completed, finish time: 2022-03-28 03:06:03 
==========================================
==========================================
FINDING CHANGES, start time: 2022-03-29 03:06:02 
verse.shape=(3231, 19)
verse_refresh.shape=(3110, 5)
Most recent refresh dates: last_refresh
2021-11-09    156
2021-11-23     55
2021-12-14    218
2022-01-19    124
2022-01-22      1
dtype: int64
latest_refresh_date=datetime.date(2022, 1, 22)
last_update_date=datetime.date(2022, 1, 22)
NO REGRID REFRESHES FOUND, current time: 2022-03-29 03:06:03 
SCRIPT find_changes.py completed, finish time: 2022-03-29 03:06:03 
==========================================
==========================================
FINDING CHANGES, start time: 2022-03-30 03:06:03 
verse.shape=(3231, 19)
verse_refresh.shape=(3110, 5)
Most recent refresh dates: last_refresh
2021-11-09    156
2021-11-23     55
2021-12-14    218
2022-01-19    124
2022-01-22      1
dtype: int64
latest_refresh_date=datetime.date(2022, 1, 22)
last_update_date=datetime.date(2022, 1, 22)
NO REGRID REFRESHES FOUND, current time: 2022-03-30 03:06:03 
SCRIPT find_changes.py completed, finish time: 2022-03-30 03:06:03 
==========================================
==========================================
FINDING CHANGES, start time: 2022-03-31 03:06:01 
verse.shape=(3231, 19)
verse_refresh.shape=(3110, 5)
Most recent refresh dates: last_refresh
2021-11-09    156
2021-11-23     55
2021-12-14    218
2022-01-19    124
2022-01-22      1
dtype: int64
latest_refresh_date=datetime.date(2022, 1, 22)
last_update_date=datetime.date(2022, 1, 22)
NO REGRID REFRESHES FOUND, current time: 2022-03-31 03:06:02 
SCRIPT find_changes.py completed, finish time: 2022-03-31 03:06:02 
==========================================
==========================================
FINDING CHANGES, start time: 2022-04-01 03:06:02 
verse.shape=(3231, 19)
verse_refresh.shape=(3110, 5)
Most recent refresh dates: last_refresh
2021-11-09    156
2021-11-23     55
2021-12-14    218
2022-01-19    124
2022-01-22      1
dtype: int64
latest_refresh_date=datetime.date(2022, 1, 22)
last_update_date=datetime.date(2022, 1, 22)
NO REGRID REFRESHES FOUND, current time: 2022-04-01 03:06:04 
SCRIPT find_changes.py completed, finish time: 2022-04-01 03:06:04 
==========================================
==========================================
FINDING CHANGES, start time: 2022-04-02 03:06:02 
verse.shape=(3231, 19)
verse_refresh.shape=(3110, 5)
Most recent refresh dates: last_refresh
2021-11-09    156
2021-11-23     55
2021-12-14    218
2022-01-19    124
2022-01-22      1
dtype: int64
latest_refresh_date=datetime.date(2022, 1, 22)
last_update_date=datetime.date(2022, 1, 22)
NO REGRID REFRESHES FOUND, current time: 2022-04-02 03:06:04 
SCRIPT find_changes.py completed, finish time: 2022-04-02 03:06:04 
==========================================
==========================================
FINDING CHANGES, start time: 2022-04-03 03:06:02 
verse.shape=(3231, 19)
verse_refresh.shape=(3110, 5)
Most recent refresh dates: last_refresh
2021-11-09    156
2021-11-23     55
2021-12-14    218
2022-01-19    124
2022-01-22      1
dtype: int64
latest_refresh_date=datetime.date(2022, 1, 22)
last_update_date=datetime.date(2022, 1, 22)
NO REGRID REFRESHES FOUND, current time: 2022-04-03 03:06:02 
SCRIPT find_changes.py completed, finish time: 2022-04-03 03:06:02 
==========================================
==========================================
FINDING CHANGES, start time: 2022-04-04 03:06:02 
verse.shape=(3231, 19)
verse_refresh.shape=(3110, 5)
Most recent refresh dates: last_refresh
2021-11-09    156
2021-11-23     55
2021-12-14    218
2022-01-19    124
2022-01-22      1
dtype: int64
latest_refresh_date=datetime.date(2022, 1, 22)
last_update_date=datetime.date(2022, 1, 22)
NO REGRID REFRESHES FOUND, current time: 2022-04-04 03:06:02 
SCRIPT find_changes.py completed, finish time: 2022-04-04 03:06:02 
==========================================
==========================================
FINDING CHANGES, start time: 2022-04-05 03:06:02 
verse.shape=(3231, 19)
verse_refresh.shape=(3110, 5)
Most recent refresh dates: last_refresh
2021-11-09    156
2021-11-23     55
2021-12-14    218
2022-01-19    124
2022-01-22      1
dtype: int64
latest_refresh_date=datetime.date(2022, 1, 22)
last_update_date=datetime.date(2022, 1, 22)
NO REGRID REFRESHES FOUND, current time: 2022-04-05 03:06:03 
SCRIPT find_changes.py completed, finish time: 2022-04-05 03:06:03 
==========================================
==========================================
FINDING CHANGES, start time: 2022-04-06 03:06:02 
verse.shape=(3231, 19)
verse_refresh.shape=(3110, 5)
Most recent refresh dates: last_refresh
2021-11-09    156
2021-11-23     55
2021-12-14    218
2022-01-19    124
2022-01-22      1
dtype: int64
latest_refresh_date=datetime.date(2022, 1, 22)
last_update_date=datetime.date(2022, 1, 22)
NO REGRID REFRESHES FOUND, current time: 2022-04-06 03:06:04 
SCRIPT find_changes.py completed, finish time: 2022-04-06 03:06:04 
==========================================
==========================================
FINDING CHANGES, start time: 2022-04-07 03:06:03 
verse.shape=(3231, 19)
verse_refresh.shape=(3110, 5)
Most recent refresh dates: last_refresh
2021-11-09    156
2021-11-23     55
2021-12-14    218
2022-01-19    124
2022-01-22      1
dtype: int64
latest_refresh_date=datetime.date(2022, 1, 22)
last_update_date=datetime.date(2022, 1, 22)
NO REGRID REFRESHES FOUND, current time: 2022-04-07 03:06:05 
SCRIPT find_changes.py completed, finish time: 2022-04-07 03:06:05 
==========================================
==========================================
FINDING CHANGES, start time: 2022-04-08 03:06:03 
verse.shape=(3231, 19)
verse_refresh.shape=(3110, 5)
Most recent refresh dates: last_refresh
2021-11-09    156
2021-11-23     55
2021-12-14    218
2022-01-19    124
2022-01-22      1
dtype: int64
latest_refresh_date=datetime.date(2022, 1, 22)
last_update_date=datetime.date(2022, 1, 22)
NO REGRID REFRESHES FOUND, current time: 2022-04-08 03:06:04 
SCRIPT find_changes.py completed, finish time: 2022-04-08 03:06:04 
==========================================
==========================================
FINDING CHANGES, start time: 2022-04-09 03:06:03 
verse.shape=(3231, 19)
verse_refresh.shape=(3110, 5)
Most recent refresh dates: last_refresh
2021-11-09    156
2021-11-23     55
2021-12-14    218
2022-01-19    124
2022-01-22      1
dtype: int64
latest_refresh_date=datetime.date(2022, 1, 22)
last_update_date=datetime.date(2022, 1, 22)
NO REGRID REFRESHES FOUND, current time: 2022-04-09 03:06:05 
SCRIPT find_changes.py completed, finish time: 2022-04-09 03:06:05 
==========================================
==========================================
FINDING CHANGES, start time: 2022-04-10 03:06:02 
verse.shape=(3231, 19)
verse_refresh.shape=(3110, 5)
Most recent refresh dates: last_refresh
2021-11-09    156
2021-11-23     55
2021-12-14    218
2022-01-19    124
2022-01-22      1
dtype: int64
latest_refresh_date=datetime.date(2022, 1, 22)
last_update_date=datetime.date(2022, 1, 22)
NO REGRID REFRESHES FOUND, current time: 2022-04-10 03:06:02 
SCRIPT find_changes.py completed, finish time: 2022-04-10 03:06:02 
==========================================
==========================================
FINDING CHANGES, start time: 2022-04-11 03:06:03 
verse.shape=(3231, 19)
verse_refresh.shape=(3110, 5)
Most recent refresh dates: last_refresh
2021-11-09    156
2021-11-23     55
2021-12-14    218
2022-01-19    124
2022-01-22      1
dtype: int64
latest_refresh_date=datetime.date(2022, 1, 22)
last_update_date=datetime.date(2022, 1, 22)
NO REGRID REFRESHES FOUND, current time: 2022-04-11 03:06:04 
SCRIPT find_changes.py completed, finish time: 2022-04-11 03:06:04 
==========================================
==========================================
FINDING CHANGES, start time: 2022-04-12 03:06:03 
verse.shape=(3231, 19)
verse_refresh.shape=(3110, 5)
Most recent refresh dates: last_refresh
2021-11-09    156
2021-11-23     55
2021-12-14    218
2022-01-19    124
2022-01-22      1
dtype: int64
latest_refresh_date=datetime.date(2022, 1, 22)
last_update_date=datetime.date(2022, 1, 22)
NO REGRID REFRESHES FOUND, current time: 2022-04-12 03:06:05 
SCRIPT find_changes.py completed, finish time: 2022-04-12 03:06:05 
==========================================
==========================================
FINDING CHANGES, start time: 2022-04-13 03:06:03 
verse.shape=(3231, 19)
verse_refresh.shape=(3110, 5)
Most recent refresh dates: last_refresh
2021-11-09    156
2021-11-23     55
2021-12-14    218
2022-01-19    124
2022-01-22      1
dtype: int64
latest_refresh_date=datetime.date(2022, 1, 22)
last_update_date=datetime.date(2022, 1, 22)
NO REGRID REFRESHES FOUND, current time: 2022-04-13 03:06:05 
SCRIPT find_changes.py completed, finish time: 2022-04-13 03:06:05 
==========================================
==========================================
FINDING CHANGES, start time: 2022-04-14 03:06:03 
verse.shape=(3231, 19)
verse_refresh.shape=(3110, 5)
Most recent refresh dates: last_refresh
2021-11-09    156
2021-11-23     55
2021-12-14    218
2022-01-19    124
2022-01-22      1
dtype: int64
latest_refresh_date=datetime.date(2022, 1, 22)
last_update_date=datetime.date(2022, 1, 22)
NO REGRID REFRESHES FOUND, current time: 2022-04-14 03:06:04 
SCRIPT find_changes.py completed, finish time: 2022-04-14 03:06:04 
==========================================
==========================================
FINDING CHANGES, start time: 2022-04-15 03:06:03 
verse.shape=(3231, 19)
verse_refresh.shape=(3110, 5)
Most recent refresh dates: last_refresh
2021-11-09    156
2021-11-23     55
2021-12-14    218
2022-01-19    124
2022-01-22      1
dtype: int64
latest_refresh_date=datetime.date(2022, 1, 22)
last_update_date=datetime.date(2022, 1, 22)
NO REGRID REFRESHES FOUND, current time: 2022-04-15 03:06:05 
SCRIPT find_changes.py completed, finish time: 2022-04-15 03:06:05 
==========================================
==========================================
FINDING CHANGES, start time: 2022-04-16 03:06:03 
verse.shape=(3231, 19)
verse_refresh.shape=(3110, 5)
Most recent refresh dates: last_refresh
2021-11-09    156
2021-11-23     55
2021-12-14    218
2022-01-19    124
2022-01-22      1
dtype: int64
latest_refresh_date=datetime.date(2022, 1, 22)
last_update_date=datetime.date(2022, 1, 22)
NO REGRID REFRESHES FOUND, current time: 2022-04-16 03:06:05 
SCRIPT find_changes.py completed, finish time: 2022-04-16 03:06:05 
==========================================
==========================================
FINDING CHANGES, start time: 2022-04-17 03:06:02 
verse.shape=(3231, 19)
verse_refresh.shape=(3110, 5)
Most recent refresh dates: last_refresh
2021-11-09    156
2021-11-23     55
2021-12-14    218
2022-01-19    124
2022-01-22      1
dtype: int64
latest_refresh_date=datetime.date(2022, 1, 22)
last_update_date=datetime.date(2022, 1, 22)
NO REGRID REFRESHES FOUND, current time: 2022-04-17 03:06:03 
SCRIPT find_changes.py completed, finish time: 2022-04-17 03:06:03 
==========================================
==========================================
FINDING CHANGES, start time: 2022-04-18 03:06:02 
verse.shape=(3231, 19)
verse_refresh.shape=(3110, 5)
Most recent refresh dates: last_refresh
2021-11-09    156
2021-11-23     55
2021-12-14    218
2022-01-19    124
2022-01-22      1
dtype: int64
latest_refresh_date=datetime.date(2022, 1, 22)
last_update_date=datetime.date(2022, 1, 22)
NO REGRID REFRESHES FOUND, current time: 2022-04-18 03:06:02 
SCRIPT find_changes.py completed, finish time: 2022-04-18 03:06:02 
==========================================
==========================================
FINDING CHANGES, start time: 2022-04-19 03:06:03 
verse.shape=(3231, 19)
verse_refresh.shape=(3110, 5)
Most recent refresh dates: last_refresh
2021-11-09    156
2021-11-23     55
2021-12-14    218
2022-01-19    124
2022-01-22      1
dtype: int64
latest_refresh_date=datetime.date(2022, 1, 22)
last_update_date=datetime.date(2022, 1, 22)
NO REGRID REFRESHES FOUND, current time: 2022-04-19 03:06:04 
SCRIPT find_changes.py completed, finish time: 2022-04-19 03:06:04 
==========================================
==========================================
FINDING CHANGES, start time: 2022-04-20 03:06:02 
verse.shape=(3231, 19)
verse_refresh.shape=(3110, 5)
Most recent refresh dates: last_refresh
2021-11-09    156
2021-11-23     55
2021-12-14    218
2022-01-19    124
2022-01-22      1
dtype: int64
latest_refresh_date=datetime.date(2022, 1, 22)
last_update_date=datetime.date(2022, 1, 22)
NO REGRID REFRESHES FOUND, current time: 2022-04-20 03:06:04 
SCRIPT find_changes.py completed, finish time: 2022-04-20 03:06:04 
==========================================
==========================================
FINDING CHANGES, start time: 2022-04-21 03:06:02 
verse.shape=(3231, 19)
verse_refresh.shape=(3110, 5)
Most recent refresh dates: last_refresh
2021-11-09    156
2021-11-23     55
2021-12-14    218
2022-01-19    124
2022-01-22      1
dtype: int64
latest_refresh_date=datetime.date(2022, 1, 22)
last_update_date=datetime.date(2022, 1, 22)
NO REGRID REFRESHES FOUND, current time: 2022-04-21 03:06:03 
SCRIPT find_changes.py completed, finish time: 2022-04-21 03:06:03 
==========================================
==========================================
FINDING CHANGES, start time: 2022-04-22 03:06:03 
verse.shape=(3231, 19)
verse_refresh.shape=(3110, 5)
Most recent refresh dates: last_refresh
2021-11-09    156
2021-11-23     55
2021-12-14    218
2022-01-19    124
2022-01-22      1
dtype: int64
latest_refresh_date=datetime.date(2022, 1, 22)
last_update_date=datetime.date(2022, 1, 22)
NO REGRID REFRESHES FOUND, current time: 2022-04-22 03:06:04 
SCRIPT find_changes.py completed, finish time: 2022-04-22 03:06:04 
==========================================
==========================================
FINDING CHANGES, start time: 2022-04-23 03:06:03 
verse.shape=(3231, 19)
verse_refresh.shape=(3110, 5)
Most recent refresh dates: last_refresh
2021-11-09    156
2021-11-23     55
2021-12-14    218
2022-01-19    124
2022-01-22      1
dtype: int64
latest_refresh_date=datetime.date(2022, 1, 22)
last_update_date=datetime.date(2022, 1, 22)
NO REGRID REFRESHES FOUND, current time: 2022-04-23 03:06:05 
SCRIPT find_changes.py completed, finish time: 2022-04-23 03:06:05 
==========================================
==========================================
FINDING CHANGES, start time: 2022-04-24 03:06:02 
verse.shape=(3231, 19)
verse_refresh.shape=(3110, 5)
Most recent refresh dates: last_refresh
2021-11-09    156
2021-11-23     55
2021-12-14    218
2022-01-19    124
2022-01-22      1
dtype: int64
latest_refresh_date=datetime.date(2022, 1, 22)
last_update_date=datetime.date(2022, 1, 22)
NO REGRID REFRESHES FOUND, current time: 2022-04-24 03:06:02 
SCRIPT find_changes.py completed, finish time: 2022-04-24 03:06:02 
==========================================
==========================================
FINDING CHANGES, start time: 2022-04-25 03:06:02 
verse.shape=(3231, 19)
verse_refresh.shape=(3110, 5)
Most recent refresh dates: last_refresh
2021-11-09    156
2021-11-23     55
2021-12-14    218
2022-01-19    124
2022-01-22      1
dtype: int64
latest_refresh_date=datetime.date(2022, 1, 22)
last_update_date=datetime.date(2022, 1, 22)
NO REGRID REFRESHES FOUND, current time: 2022-04-25 03:06:03 
SCRIPT find_changes.py completed, finish time: 2022-04-25 03:06:03 
==========================================
==========================================
FINDING CHANGES, start time: 2022-04-26 03:06:04 
verse.shape=(3231, 19)
verse_refresh.shape=(3110, 5)
Most recent refresh dates: last_refresh
2021-11-09    156
2021-11-23     55
2021-12-14    218
2022-01-19    124
2022-01-22      1
dtype: int64
latest_refresh_date=datetime.date(2022, 1, 22)
last_update_date=datetime.date(2022, 1, 22)
NO REGRID REFRESHES FOUND, current time: 2022-04-26 03:06:05 
SCRIPT find_changes.py completed, finish time: 2022-04-26 03:06:05 
==========================================
==========================================
FINDING CHANGES, start time: 2022-04-27 03:06:03 
verse.shape=(3231, 19)
verse_refresh.shape=(3110, 5)
Most recent refresh dates: last_refresh
2021-11-09    156
2021-11-23     55
2021-12-14    218
2022-01-19    124
2022-01-22      1
dtype: int64
latest_refresh_date=datetime.date(2022, 1, 22)
last_update_date=datetime.date(2022, 1, 22)
NO REGRID REFRESHES FOUND, current time: 2022-04-27 03:06:04 
SCRIPT find_changes.py completed, finish time: 2022-04-27 03:06:04 
==========================================
==========================================
FINDING CHANGES, start time: 2022-04-28 03:06:04 
verse.shape=(3231, 19)
verse_refresh.shape=(3110, 5)
Most recent refresh dates: last_refresh
2021-11-09    156
2021-11-23     55
2021-12-14    218
2022-01-19    124
2022-01-22      1
dtype: int64
latest_refresh_date=datetime.date(2022, 1, 22)
last_update_date=datetime.date(2022, 1, 22)
NO REGRID REFRESHES FOUND, current time: 2022-04-28 03:06:05 
SCRIPT find_changes.py completed, finish time: 2022-04-28 03:06:05 
==========================================
==========================================
FINDING CHANGES, start time: 2022-04-29 03:06:04 
verse.shape=(3231, 19)
verse_refresh.shape=(3110, 5)
Most recent refresh dates: last_refresh
2021-11-09    156
2021-11-23     55
2021-12-14    218
2022-01-19    124
2022-01-22      1
dtype: int64
latest_refresh_date=datetime.date(2022, 1, 22)
last_update_date=datetime.date(2022, 1, 22)
NO REGRID REFRESHES FOUND, current time: 2022-04-29 03:06:10 
SCRIPT find_changes.py completed, finish time: 2022-04-29 03:06:10 
==========================================
==========================================
FINDING CHANGES, start time: 2022-04-30 03:06:02 
verse.shape=(3231, 19)
verse_refresh.shape=(3110, 5)
Most recent refresh dates: last_refresh
2021-11-09    156
2021-11-23     55
2021-12-14    218
2022-01-19    124
2022-01-22      1
dtype: int64
latest_refresh_date=datetime.date(2022, 1, 22)
last_update_date=datetime.date(2022, 1, 22)
NO REGRID REFRESHES FOUND, current time: 2022-04-30 03:06:04 
SCRIPT find_changes.py completed, finish time: 2022-04-30 03:06:04 
==========================================
==========================================
FINDING CHANGES, start time: 2022-05-01 03:06:02 
verse.shape=(3231, 19)
verse_refresh.shape=(3110, 5)
Most recent refresh dates: last_refresh
2021-11-09    156
2021-11-23     55
2021-12-14    218
2022-01-19    124
2022-01-22      1
dtype: int64
latest_refresh_date=datetime.date(2022, 1, 22)
last_update_date=datetime.date(2022, 1, 22)
NO REGRID REFRESHES FOUND, current time: 2022-05-01 03:06:03 
SCRIPT find_changes.py completed, finish time: 2022-05-01 03:06:03 
==========================================
==========================================
FINDING CHANGES, start time: 2022-05-02 03:06:02 
verse.shape=(3231, 19)
verse_refresh.shape=(3110, 5)
Most recent refresh dates: last_refresh
2021-11-09    156
2021-11-23     55
2021-12-14    218
2022-01-19    124
2022-01-22      1
dtype: int64
latest_refresh_date=datetime.date(2022, 1, 22)
last_update_date=datetime.date(2022, 1, 22)
NO REGRID REFRESHES FOUND, current time: 2022-05-02 03:06:03 
SCRIPT find_changes.py completed, finish time: 2022-05-02 03:06:03 
==========================================
==========================================
FINDING CHANGES, start time: 2022-05-03 03:06:04 
verse.shape=(3231, 19)
verse_refresh.shape=(3110, 5)
Most recent refresh dates: last_refresh
2021-11-09    156
2021-11-23     55
2021-12-14    218
2022-01-19    124
2022-01-22      1
dtype: int64
latest_refresh_date=datetime.date(2022, 1, 22)
last_update_date=datetime.date(2022, 1, 22)
NO REGRID REFRESHES FOUND, current time: 2022-05-03 03:06:06 
SCRIPT find_changes.py completed, finish time: 2022-05-03 03:06:06 
==========================================
==========================================
FINDING CHANGES, start time: 2022-05-04 03:06:03 
==========================================
FINDING CHANGES, start time: 2022-05-05 03:06:03 
==========================================
FINDING CHANGES, start time: 2022-05-06 03:06:02 
==========================================
FINDING CHANGES, start time: 2022-05-07 03:06:02 
==========================================
FINDING CHANGES, start time: 2022-05-08 03:06:02 
==========================================
FINDING CHANGES, start time: 2022-05-09 03:06:02 
==========================================
FINDING CHANGES, start time: 2022-05-10 03:06:02 
==========================================
FINDING CHANGES, start time: 2022-05-11 03:06:02 
==========================================
FINDING CHANGES, start time: 2022-05-12 03:06:02 
==========================================
FINDING CHANGES, start time: 2022-05-13 03:06:02 
==========================================
FINDING CHANGES, start time: 2022-05-14 03:06:02 
==========================================
FINDING CHANGES, start time: 2022-05-15 03:06:02 
==========================================
FINDING CHANGES, start time: 2022-05-16 03:06:03 
==========================================
FINDING CHANGES, start time: 2022-05-17 03:06:02 
verse.shape=(3231, 25)
verse_refresh.shape=(3119, 5)
Most recent refresh dates: last_refresh
2022-03-15    118
2022-03-29    140
2022-04-12     49
2022-04-23      1
2022-04-26    215
dtype: int64
latest_refresh_date=datetime.date(2022, 4, 26)
last_update_date=datetime.date(2022, 1, 22)
43 states -- 1044 counties are recently refreshed
Starting gen_tippecanoe_commands
mbtiles commands are ready to be executed at mbtiles_update_cmds.txt
Starting gen_postgis_update_cmds
Ogr2ogr-Postgis UPLOAD/UPDATE commands are ready to be executed at postgis_update_cmds.txt
Ogr2ogr-Postgis DELETE commands are ready to be executed at postgis_delete_cmds.txt
SCRIPT find_changes.py completed, finish time: 2022-05-17 03:06:05 
==========================================
==========================================
FINDING CHANGES, start time: 2022-05-18 03:06:03 
verse.shape=(3230, 25)
verse_refresh.shape=(3119, 5)
Most recent refresh dates: last_refresh
2022-03-29    140
2022-04-12     49
2022-04-26    216
2022-05-10     79
2022-05-14      1
dtype: int64
latest_refresh_date=datetime.date(2022, 5, 14)
last_update_date=datetime.date(2022, 4, 26)
11 states -- 0 counties are recently refreshed
Starting gen_tippecanoe_commands
mbtiles commands are ready to be executed at mbtiles_update_cmds.txt
Starting gen_postgis_update_cmds
Ogr2ogr-Postgis UPLOAD/UPDATE commands are ready to be executed at postgis_update_cmds.txt
Ogr2ogr-Postgis DELETE commands are ready to be executed at postgis_delete_cmds.txt
SCRIPT find_changes.py completed, finish time: 2022-05-18 03:06:07 
==========================================
==========================================
FINDING CHANGES, start time: 2022-05-19 03:06:02 
==========================================
FINDING CHANGES, start time: 2022-05-20 03:06:02 
==========================================
FINDING CHANGES, start time: 2022-05-21 03:06:02 
==========================================
FINDING CHANGES, start time: 2022-05-22 03:06:02 
==========================================
FINDING CHANGES, start time: 2022-05-23 03:06:02 
==========================================
FINDING CHANGES, start time: 2022-05-24 03:06:03 
==========================================
FINDING CHANGES, start time: 2022-05-25 03:06:02 
==========================================
FINDING CHANGES, start time: 2022-05-26 03:06:03 
