
======START parcel_pip.py: 
point-in-polygon sjoin: number of parcel addresses per censusblock, for 0 states (), date of 01/25/22 03:06:05
PID: 27118
Exit status: 0
======COMPLETE parcel_pip.py: point-in-polygon sjoin 01/25/22 03:06:05 END======
======START parcel_parse.py: 
streaming parsing 0 counties, date of 01/27/22 03:06:05
PID: 23057
Exit status: 0
COMPLETE parcel_parse.py: ijson-stream-parsing 01/27/22 03:06:05 END======
======START parcel_pip.py: 
point-in-polygon sjoin: number of parcel addresses per censusblock, for 0 states (), date of 01/27/22 03:06:05
PID: 23369
Exit status: 0
======COMPLETE parcel_pip.py: point-in-polygon sjoin 01/27/22 03:06:05 END======
======START parcel_parse.py: 
streaming parsing 0 counties, date of 01/28/22 03:06:05
PID: 20260
Exit status: 0
COMPLETE parcel_parse.py: ijson-stream-parsing 01/28/22 03:06:05 END======
======START parcel_pip.py: 
point-in-polygon sjoin: number of parcel addresses per censusblock, for 0 states (), date of 01/28/22 03:06:05
PID: 20575
Exit status: 0
======COMPLETE parcel_pip.py: point-in-polygon sjoin 01/28/22 03:06:05 END======
======START parcel_parse.py: 
streaming parsing 0 counties, date of 01/29/22 03:06:04
PID: 575
Exit status: 0
COMPLETE parcel_parse.py: ijson-stream-parsing 01/29/22 03:06:05 END======
======START parcel_pip.py: 
point-in-polygon sjoin: number of parcel addresses per censusblock, for 0 states (), date of 01/29/22 03:06:05
PID: 887
Exit status: 0
======COMPLETE parcel_pip.py: point-in-polygon sjoin 01/29/22 03:06:05 END======
======START parcel_parse.py: 
streaming parsing 0 counties, date of 01/30/22 03:06:05
PID: 2941
Exit status: 0
COMPLETE parcel_parse.py: ijson-stream-parsing 01/30/22 03:06:05 END======
======START parcel_pip.py: 
point-in-polygon sjoin: number of parcel addresses per censusblock, for 0 states (), date of 01/30/22 03:06:05
PID: 3207
Exit status: 0
======COMPLETE parcel_pip.py: point-in-polygon sjoin 01/30/22 03:06:05 END======
======START parcel_parse.py: 
streaming parsing 0 counties, date of 01/31/22 03:06:03
PID: 3740
Exit status: 0
COMPLETE parcel_parse.py: ijson-stream-parsing 01/31/22 03:06:03 END======
======START parcel_pip.py: 
point-in-polygon sjoin: number of parcel addresses per censusblock, for 0 states (), date of 01/31/22 03:06:03
PID: 4009
Exit status: 0
======COMPLETE parcel_pip.py: point-in-polygon sjoin 01/31/22 03:06:03 END======
======START parcel_parse.py: 
streaming parsing 0 counties, date of 02/01/22 03:06:03
PID: 4169
Exit status: 0
COMPLETE parcel_parse.py: ijson-stream-parsing 02/01/22 03:06:03 END======
======START parcel_pip.py: 
point-in-polygon sjoin: number of parcel addresses per censusblock, for 0 states (), date of 02/01/22 03:06:03
PID: 4553
Exit status: 0
======COMPLETE parcel_pip.py: point-in-polygon sjoin 02/01/22 03:06:03 END======
======START parcel_parse.py: 
streaming parsing 0 counties, date of 02/02/22 03:06:04
PID: 18248
Exit status: 0
COMPLETE parcel_parse.py: ijson-stream-parsing 02/02/22 03:06:04 END======
======START parcel_pip.py: 
point-in-polygon sjoin: number of parcel addresses per censusblock, for 0 states (), date of 02/02/22 03:06:04
PID: 18528
Exit status: 0
======COMPLETE parcel_pip.py: point-in-polygon sjoin 02/02/22 03:06:04 END======
======START parcel_parse.py: 
streaming parsing 0 counties, date of 02/03/22 03:06:03
PID: 25969
Exit status: 0
COMPLETE parcel_parse.py: ijson-stream-parsing 02/03/22 03:06:04 END======
======START parcel_pip.py: 
point-in-polygon sjoin: number of parcel addresses per censusblock, for 0 states (), date of 02/03/22 03:06:04
PID: 26245
Exit status: 0
======COMPLETE parcel_pip.py: point-in-polygon sjoin 02/03/22 03:06:04 END======
======START parcel_parse.py: 
streaming parsing 0 counties, date of 02/04/22 03:06:04
PID: 12871
Exit status: 0
COMPLETE parcel_parse.py: ijson-stream-parsing 02/04/22 03:06:04 END======
======START parcel_pip.py: 
point-in-polygon sjoin: number of parcel addresses per censusblock, for 0 states (), date of 02/04/22 03:06:04
PID: 13144
Exit status: 0
======COMPLETE parcel_pip.py: point-in-polygon sjoin 02/04/22 03:06:04 END======
======START parcel_parse.py: 
streaming parsing 0 counties, date of 02/05/22 03:06:03
PID: 15466
Exit status: 0
COMPLETE parcel_parse.py: ijson-stream-parsing 02/05/22 03:06:03 END======
======START parcel_pip.py: 
point-in-polygon sjoin: number of parcel addresses per censusblock, for 0 states (), date of 02/05/22 03:06:03
PID: 15736
Exit status: 0
======COMPLETE parcel_pip.py: point-in-polygon sjoin 02/05/22 03:06:03 END======
======START parcel_parse.py: 
streaming parsing 0 counties, date of 02/06/22 03:06:03
PID: 29247
Exit status: 0
COMPLETE parcel_parse.py: ijson-stream-parsing 02/06/22 03:06:03 END======
======START parcel_pip.py: 
point-in-polygon sjoin: number of parcel addresses per censusblock, for 0 states (), date of 02/06/22 03:06:03
PID: 29570
Exit status: 0
======COMPLETE parcel_pip.py: point-in-polygon sjoin 02/06/22 03:06:03 END======
======START parcel_parse.py: 
streaming parsing 0 counties, date of 02/07/22 03:06:02
PID: 8986
Exit status: 0
COMPLETE parcel_parse.py: ijson-stream-parsing 02/07/22 03:06:03 END======
======START parcel_pip.py: 
point-in-polygon sjoin: number of parcel addresses per censusblock, for 0 states (), date of 02/07/22 03:06:03
PID: 9251
Exit status: 0
======COMPLETE parcel_pip.py: point-in-polygon sjoin 02/07/22 03:06:03 END======
======START parcel_parse.py: 
streaming parsing 0 counties, date of 02/08/22 03:06:03
PID: 24281
Exit status: 0
COMPLETE parcel_parse.py: ijson-stream-parsing 02/08/22 03:06:03 END======
======START parcel_pip.py: 
point-in-polygon sjoin: number of parcel addresses per censusblock, for 0 states (), date of 02/08/22 03:06:03
PID: 24519
Exit status: 0
======COMPLETE parcel_pip.py: point-in-polygon sjoin 02/08/22 03:06:03 END======
======START parcel_parse.py: 
streaming parsing 0 counties, date of 02/09/22 03:06:03
PID: 4055
Exit status: 0
COMPLETE parcel_parse.py: ijson-stream-parsing 02/09/22 03:06:04 END======
======START parcel_pip.py: 
point-in-polygon sjoin: number of parcel addresses per censusblock, for 0 states (), date of 02/09/22 03:06:04
PID: 4352
Exit status: 0
======COMPLETE parcel_pip.py: point-in-polygon sjoin 02/09/22 03:06:04 END======
======START parcel_parse.py: 
streaming parsing 0 counties, date of 02/10/22 03:06:03
PID: 15434
Exit status: 0
COMPLETE parcel_parse.py: ijson-stream-parsing 02/10/22 03:06:03 END======
======START parcel_pip.py: 
point-in-polygon sjoin: number of parcel addresses per censusblock, for 0 states (), date of 02/10/22 03:06:03
PID: 15730
Exit status: 0
======COMPLETE parcel_pip.py: point-in-polygon sjoin 02/10/22 03:06:03 END======
======START parcel_parse.py: 
streaming parsing 0 counties, date of 02/11/22 03:06:03
PID: 27413
Exit status: 0
COMPLETE parcel_parse.py: ijson-stream-parsing 02/11/22 03:06:04 END======
======START parcel_pip.py: 
point-in-polygon sjoin: number of parcel addresses per censusblock, for 0 states (), date of 02/11/22 03:06:04
PID: 27680
Exit status: 0
======COMPLETE parcel_pip.py: point-in-polygon sjoin 02/11/22 03:06:04 END======
======START parcel_parse.py: 
streaming parsing 0 counties, date of 02/12/22 03:06:03
PID: 7977
Exit status: 0
COMPLETE parcel_parse.py: ijson-stream-parsing 02/12/22 03:06:03 END======
======START parcel_pip.py: 
point-in-polygon sjoin: number of parcel addresses per censusblock, for 0 states (), date of 02/12/22 03:06:03
PID: 8249
Exit status: 0
======COMPLETE parcel_pip.py: point-in-polygon sjoin 02/12/22 03:06:03 END======
======START parcel_parse.py: 
streaming parsing 0 counties, date of 02/13/22 03:06:03
PID: 18735
Exit status: 0
COMPLETE parcel_parse.py: ijson-stream-parsing 02/13/22 03:06:03 END======
======START parcel_pip.py: 
point-in-polygon sjoin: number of parcel addresses per censusblock, for 0 states (), date of 02/13/22 03:06:03
PID: 19006
Exit status: 0
======COMPLETE parcel_pip.py: point-in-polygon sjoin 02/13/22 03:06:04 END======
======START parcel_parse.py: 
streaming parsing 0 counties, date of 02/14/22 03:06:03
PID: 31310
Exit status: 0
COMPLETE parcel_parse.py: ijson-stream-parsing 02/14/22 03:06:03 END======
======START parcel_pip.py: 
point-in-polygon sjoin: number of parcel addresses per censusblock, for 0 states (), date of 02/14/22 03:06:03
PID: 31603
Exit status: 0
======COMPLETE parcel_pip.py: point-in-polygon sjoin 02/14/22 03:06:03 END======
======START parcel_parse.py: 
streaming parsing 0 counties, date of 02/15/22 03:06:03
PID: 30020
Exit status: 0
COMPLETE parcel_parse.py: ijson-stream-parsing 02/15/22 03:06:03 END======
======START parcel_pip.py: 
point-in-polygon sjoin: number of parcel addresses per censusblock, for 0 states (), date of 02/15/22 03:06:03
PID: 30292
Exit status: 0
======COMPLETE parcel_pip.py: point-in-polygon sjoin 02/15/22 03:06:03 END======
======START parcel_parse.py: 
streaming parsing 0 counties, date of 02/16/22 03:06:04
PID: 24647
Exit status: 0
COMPLETE parcel_parse.py: ijson-stream-parsing 02/16/22 03:06:04 END======
======START parcel_pip.py: 
point-in-polygon sjoin: number of parcel addresses per censusblock, for 0 states (), date of 02/16/22 03:06:04
PID: 24935
Exit status: 0
======COMPLETE parcel_pip.py: point-in-polygon sjoin 02/16/22 03:06:04 END======
======START parcel_parse.py: 
streaming parsing 0 counties, date of 02/17/22 03:06:05
PID: 28759
Exit status: 0
COMPLETE parcel_parse.py: ijson-stream-parsing 02/17/22 03:06:05 END======
======START parcel_pip.py: 
point-in-polygon sjoin: number of parcel addresses per censusblock, for 0 states (), date of 02/17/22 03:06:05
PID: 29008
Exit status: 0
======COMPLETE parcel_pip.py: point-in-polygon sjoin 02/17/22 03:06:05 END======
======START parcel_parse.py: 
streaming parsing 0 counties, date of 02/18/22 03:06:03
PID: 30842
Exit status: 0
COMPLETE parcel_parse.py: ijson-stream-parsing 02/18/22 03:06:03 END======
======START parcel_pip.py: 
point-in-polygon sjoin: number of parcel addresses per censusblock, for 0 states (), date of 02/18/22 03:06:03
PID: 31128
Exit status: 0
======COMPLETE parcel_pip.py: point-in-polygon sjoin 02/18/22 03:06:04 END======
======START parcel_parse.py: 
streaming parsing 0 counties, date of 02/19/22 03:06:04
PID: 25347
Exit status: 0
COMPLETE parcel_parse.py: ijson-stream-parsing 02/19/22 03:06:04 END======
======START parcel_pip.py: 
point-in-polygon sjoin: number of parcel addresses per censusblock, for 0 states (), date of 02/19/22 03:06:04
PID: 25639
Exit status: 0
======COMPLETE parcel_pip.py: point-in-polygon sjoin 02/19/22 03:06:04 END======
======START parcel_parse.py: 
streaming parsing 0 counties, date of 02/20/22 03:06:03
PID: 7440
Exit status: 0
COMPLETE parcel_parse.py: ijson-stream-parsing 02/20/22 03:06:03 END======
======START parcel_pip.py: 
point-in-polygon sjoin: number of parcel addresses per censusblock, for 0 states (), date of 02/20/22 03:06:03
PID: 7656
Exit status: 0
======COMPLETE parcel_pip.py: point-in-polygon sjoin 02/20/22 03:06:03 END======
======START parcel_parse.py: 
streaming parsing 0 counties, date of 02/21/22 03:06:03
PID: 19825
Exit status: 0
COMPLETE parcel_parse.py: ijson-stream-parsing 02/21/22 03:06:03 END======
======START parcel_pip.py: 
point-in-polygon sjoin: number of parcel addresses per censusblock, for 0 states (), date of 02/21/22 03:06:03
PID: 20115
Exit status: 0
======COMPLETE parcel_pip.py: point-in-polygon sjoin 02/21/22 03:06:03 END======
======START parcel_parse.py: 
streaming parsing 0 counties, date of 02/22/22 03:06:02
PID: 31953
Exit status: 0
COMPLETE parcel_parse.py: ijson-stream-parsing 02/22/22 03:06:03 END======
======START parcel_pip.py: 
point-in-polygon sjoin: number of parcel addresses per censusblock, for 0 states (), date of 02/22/22 03:06:03
PID: 32248
Exit status: 0
======COMPLETE parcel_pip.py: point-in-polygon sjoin 02/22/22 03:06:03 END======
======START parcel_parse.py: 
streaming parsing 0 counties, date of 02/23/22 03:06:06
PID: 21431
Exit status: 0
COMPLETE parcel_parse.py: ijson-stream-parsing 02/23/22 03:06:06 END======
======START parcel_pip.py: 
point-in-polygon sjoin: number of parcel addresses per censusblock, for 0 states (), date of 02/23/22 03:06:06
PID: 21833
Exit status: 0
======COMPLETE parcel_pip.py: point-in-polygon sjoin 02/23/22 03:06:06 END======
======START parcel_parse.py: 
streaming parsing 0 counties, date of 02/24/22 03:06:03
PID: 20145
Exit status: 0
COMPLETE parcel_parse.py: ijson-stream-parsing 02/24/22 03:06:03 END======
======START parcel_pip.py: 
point-in-polygon sjoin: number of parcel addresses per censusblock, for 0 states (), date of 02/24/22 03:06:03
PID: 20538
Exit status: 0
======COMPLETE parcel_pip.py: point-in-polygon sjoin 02/24/22 03:06:03 END======
======START parcel_parse.py: 
streaming parsing 0 counties, date of 02/25/22 03:06:05
PID: 6477
Exit status: 0
COMPLETE parcel_parse.py: ijson-stream-parsing 02/25/22 03:06:05 END======
======START parcel_pip.py: 
point-in-polygon sjoin: number of parcel addresses per censusblock, for 0 states (), date of 02/25/22 03:06:05
PID: 6872
Exit status: 0
======COMPLETE parcel_pip.py: point-in-polygon sjoin 02/25/22 03:06:05 END======
======START parcel_parse.py: 
streaming parsing 0 counties, date of 02/26/22 03:06:03
PID: 18782
Exit status: 0
COMPLETE parcel_parse.py: ijson-stream-parsing 02/26/22 03:06:03 END======
======START parcel_pip.py: 
point-in-polygon sjoin: number of parcel addresses per censusblock, for 0 states (), date of 02/26/22 03:06:03
PID: 19188
Exit status: 0
======COMPLETE parcel_pip.py: point-in-polygon sjoin 02/26/22 03:06:04 END======
======START parcel_parse.py: 
streaming parsing 0 counties, date of 02/27/22 03:06:03
PID: 32333
Exit status: 0
COMPLETE parcel_parse.py: ijson-stream-parsing 02/27/22 03:06:03 END======
======START parcel_pip.py: 
point-in-polygon sjoin: number of parcel addresses per censusblock, for 0 states (), date of 02/27/22 03:06:03
PID: 32738
Exit status: 0
======COMPLETE parcel_pip.py: point-in-polygon sjoin 02/27/22 03:06:03 END======
======START parcel_parse.py: 
streaming parsing 0 counties, date of 02/28/22 03:06:03
PID: 14449
Exit status: 0
COMPLETE parcel_parse.py: ijson-stream-parsing 02/28/22 03:06:04 END======
======START parcel_pip.py: 
point-in-polygon sjoin: number of parcel addresses per censusblock, for 0 states (), date of 02/28/22 03:06:04
PID: 14852
Exit status: 0
======COMPLETE parcel_pip.py: point-in-polygon sjoin 02/28/22 03:06:04 END======
======START parcel_parse.py: 
streaming parsing 0 counties, date of 03/01/22 03:06:03
PID: 24376
Exit status: 0
COMPLETE parcel_parse.py: ijson-stream-parsing 03/01/22 03:06:03 END======
======START parcel_pip.py: 
point-in-polygon sjoin: number of parcel addresses per censusblock, for 0 states (), date of 03/01/22 03:06:03
PID: 24778
Exit status: 0
======COMPLETE parcel_pip.py: point-in-polygon sjoin 03/01/22 03:06:03 END======
======START parcel_parse.py: 
streaming parsing 0 counties, date of 03/02/22 03:06:03
PID: 11155
Exit status: 0
COMPLETE parcel_parse.py: ijson-stream-parsing 03/02/22 03:06:03 END======
======START parcel_pip.py: 
point-in-polygon sjoin: number of parcel addresses per censusblock, for 0 states (), date of 03/02/22 03:06:03
PID: 11568
Exit status: 0
======COMPLETE parcel_pip.py: point-in-polygon sjoin 03/02/22 03:06:03 END======
======START parcel_parse.py: 
streaming parsing 0 counties, date of 03/03/22 03:06:04
PID: 24937
Exit status: 0
COMPLETE parcel_parse.py: ijson-stream-parsing 03/03/22 03:06:04 END======
======START parcel_pip.py: 
point-in-polygon sjoin: number of parcel addresses per censusblock, for 0 states (), date of 03/03/22 03:06:04
PID: 25341
Exit status: 0
======COMPLETE parcel_pip.py: point-in-polygon sjoin 03/03/22 03:06:04 END======
======START parcel_parse.py: 
streaming parsing 0 counties, date of 03/04/22 03:06:04
PID: 28897
Exit status: 0
COMPLETE parcel_parse.py: ijson-stream-parsing 03/04/22 03:06:05 END======
======START parcel_pip.py: 
point-in-polygon sjoin: number of parcel addresses per censusblock, for 0 states (), date of 03/04/22 03:06:05
PID: 29314
Exit status: 0
======COMPLETE parcel_pip.py: point-in-polygon sjoin 03/04/22 03:06:05 END======
======START parcel_parse.py: 
streaming parsing 0 counties, date of 03/05/22 03:06:04
PID: 3115
Exit status: 0
COMPLETE parcel_parse.py: ijson-stream-parsing 03/05/22 03:06:04 END======
======START parcel_pip.py: 
point-in-polygon sjoin: number of parcel addresses per censusblock, for 0 states (), date of 03/05/22 03:06:04
PID: 3520
Exit status: 0
======COMPLETE parcel_pip.py: point-in-polygon sjoin 03/05/22 03:06:04 END======
======START parcel_parse.py: 
streaming parsing 0 counties, date of 03/06/22 03:06:03
PID: 15580
Exit status: 0
COMPLETE parcel_parse.py: ijson-stream-parsing 03/06/22 03:06:04 END======
======START parcel_pip.py: 
point-in-polygon sjoin: number of parcel addresses per censusblock, for 0 states (), date of 03/06/22 03:06:04
PID: 15985
Exit status: 0
======COMPLETE parcel_pip.py: point-in-polygon sjoin 03/06/22 03:06:04 END======
======START parcel_parse.py: 
streaming parsing 0 counties, date of 03/07/22 03:06:03
PID: 28624
Exit status: 0
COMPLETE parcel_parse.py: ijson-stream-parsing 03/07/22 03:06:03 END======
======START parcel_pip.py: 
point-in-polygon sjoin: number of parcel addresses per censusblock, for 0 states (), date of 03/07/22 03:06:03
PID: 29027
Exit status: 0
======COMPLETE parcel_pip.py: point-in-polygon sjoin 03/07/22 03:06:03 END======
======START parcel_parse.py: 
streaming parsing 0 counties, date of 03/08/22 03:06:03
PID: 9015
Exit status: 0
COMPLETE parcel_parse.py: ijson-stream-parsing 03/08/22 03:06:03 END======
======START parcel_pip.py: 
point-in-polygon sjoin: number of parcel addresses per censusblock, for 0 states (), date of 03/08/22 03:06:03
PID: 9417
Exit status: 0
======COMPLETE parcel_pip.py: point-in-polygon sjoin 03/08/22 03:06:03 END======
======START parcel_parse.py: 
streaming parsing 0 counties, date of 03/09/22 03:06:04
PID: 22962
Exit status: 0
COMPLETE parcel_parse.py: ijson-stream-parsing 03/09/22 03:06:05 END======
======START parcel_pip.py: 
point-in-polygon sjoin: number of parcel addresses per censusblock, for 0 states (), date of 03/09/22 03:06:05
PID: 23365
Exit status: 0
======COMPLETE parcel_pip.py: point-in-polygon sjoin 03/09/22 03:06:05 END======
======START parcel_parse.py: 
streaming parsing 0 counties, date of 03/10/22 03:06:03
PID: 3913
Exit status: 0
COMPLETE parcel_parse.py: ijson-stream-parsing 03/10/22 03:06:04 END======
======START parcel_pip.py: 
point-in-polygon sjoin: number of parcel addresses per censusblock, for 0 states (), date of 03/10/22 03:06:04
PID: 4324
Exit status: 0
======COMPLETE parcel_pip.py: point-in-polygon sjoin 03/10/22 03:06:04 END======
======START parcel_parse.py: 
streaming parsing 0 counties, date of 03/11/22 03:06:05
PID: 7869
Exit status: 0
COMPLETE parcel_parse.py: ijson-stream-parsing 03/11/22 03:06:05 END======
======START parcel_pip.py: 
point-in-polygon sjoin: number of parcel addresses per censusblock, for 0 states (), date of 03/11/22 03:06:05
PID: 8261
Exit status: 0
======COMPLETE parcel_pip.py: point-in-polygon sjoin 03/11/22 03:06:05 END======
======START parcel_parse.py: 
streaming parsing 0 counties, date of 03/12/22 03:06:04
PID: 21834
Exit status: 0
COMPLETE parcel_parse.py: ijson-stream-parsing 03/12/22 03:06:04 END======
======START parcel_pip.py: 
point-in-polygon sjoin: number of parcel addresses per censusblock, for 0 states (), date of 03/12/22 03:06:04
PID: 22247
Exit status: 0
======COMPLETE parcel_pip.py: point-in-polygon sjoin 03/12/22 03:06:04 END======
======START parcel_parse.py: 
streaming parsing 0 counties, date of 03/13/22 03:06:03
PID: 28770
Exit status: 0
COMPLETE parcel_parse.py: ijson-stream-parsing 03/13/22 03:06:03 END======
======START parcel_pip.py: 
point-in-polygon sjoin: number of parcel addresses per censusblock, for 0 states (), date of 03/13/22 03:06:04
PID: 29182
Exit status: 0
======COMPLETE parcel_pip.py: point-in-polygon sjoin 03/13/22 03:06:04 END======
======START parcel_parse.py: 
streaming parsing 0 counties, date of 03/14/22 03:06:03
PID: 10412
Exit status: 0
COMPLETE parcel_parse.py: ijson-stream-parsing 03/14/22 03:06:03 END======
======START parcel_pip.py: 
point-in-polygon sjoin: number of parcel addresses per censusblock, for 0 states (), date of 03/14/22 03:06:03
PID: 10817
Exit status: 0
======COMPLETE parcel_pip.py: point-in-polygon sjoin 03/14/22 03:06:03 END======
======START parcel_parse.py: 
streaming parsing 0 counties, date of 03/15/22 03:06:04
PID: 23378
Exit status: 0
COMPLETE parcel_parse.py: ijson-stream-parsing 03/15/22 03:06:04 END======
======START parcel_pip.py: 
point-in-polygon sjoin: number of parcel addresses per censusblock, for 0 states (), date of 03/15/22 03:06:04
PID: 23799
Exit status: 0
======COMPLETE parcel_pip.py: point-in-polygon sjoin 03/15/22 03:06:04 END======
======START parcel_parse.py: 
streaming parsing 0 counties, date of 03/16/22 03:06:03
PID: 8929
Exit status: 0
COMPLETE parcel_parse.py: ijson-stream-parsing 03/16/22 03:06:04 END======
======START parcel_pip.py: 
point-in-polygon sjoin: number of parcel addresses per censusblock, for 0 states (), date of 03/16/22 03:06:04
PID: 9333
Exit status: 0
======COMPLETE parcel_pip.py: point-in-polygon sjoin 03/16/22 03:06:04 END======
======START parcel_parse.py: 
streaming parsing 0 counties, date of 03/17/22 03:06:03
PID: 22478
Exit status: 0
COMPLETE parcel_parse.py: ijson-stream-parsing 03/17/22 03:06:03 END======
======START parcel_pip.py: 
point-in-polygon sjoin: number of parcel addresses per censusblock, for 0 states (), date of 03/17/22 03:06:03
PID: 22885
Exit status: 0
======COMPLETE parcel_pip.py: point-in-polygon sjoin 03/17/22 03:06:03 END======
======START parcel_parse.py: 
streaming parsing 0 counties, date of 03/18/22 03:06:04
PID: 4522
Exit status: 0
COMPLETE parcel_parse.py: ijson-stream-parsing 03/18/22 03:06:04 END======
======START parcel_pip.py: 
point-in-polygon sjoin: number of parcel addresses per censusblock, for 0 states (), date of 03/18/22 03:06:04
PID: 4926
Exit status: 0
======COMPLETE parcel_pip.py: point-in-polygon sjoin 03/18/22 03:06:04 END======
======START parcel_parse.py: 
streaming parsing 0 counties, date of 03/19/22 03:06:03
PID: 16425
Exit status: 0
COMPLETE parcel_parse.py: ijson-stream-parsing 03/19/22 03:06:03 END======
======START parcel_pip.py: 
point-in-polygon sjoin: number of parcel addresses per censusblock, for 0 states (), date of 03/19/22 03:06:03
PID: 16828
Exit status: 0
======COMPLETE parcel_pip.py: point-in-polygon sjoin 03/19/22 03:06:04 END======
======START parcel_parse.py: 
streaming parsing 0 counties, date of 03/20/22 03:06:03
PID: 29823
Exit status: 0
COMPLETE parcel_parse.py: ijson-stream-parsing 03/20/22 03:06:03 END======
======START parcel_pip.py: 
point-in-polygon sjoin: number of parcel addresses per censusblock, for 0 states (), date of 03/20/22 03:06:03
PID: 30227
Exit status: 0
======COMPLETE parcel_pip.py: point-in-polygon sjoin 03/20/22 03:06:03 END======
======START parcel_parse.py: 
streaming parsing 0 counties, date of 03/21/22 03:06:03
PID: 11115
Exit status: 0
COMPLETE parcel_parse.py: ijson-stream-parsing 03/21/22 03:06:03 END======
======START parcel_pip.py: 
point-in-polygon sjoin: number of parcel addresses per censusblock, for 0 states (), date of 03/21/22 03:06:03
PID: 11521
Exit status: 0
======COMPLETE parcel_pip.py: point-in-polygon sjoin 03/21/22 03:06:03 END======
======START parcel_parse.py: 
streaming parsing 0 counties, date of 03/22/22 03:06:04
PID: 24046
Exit status: 0
COMPLETE parcel_parse.py: ijson-stream-parsing 03/22/22 03:06:04 END======
======START parcel_pip.py: 
point-in-polygon sjoin: number of parcel addresses per censusblock, for 0 states (), date of 03/22/22 03:06:04
PID: 24447
Exit status: 0
======COMPLETE parcel_pip.py: point-in-polygon sjoin 03/22/22 03:06:04 END======
======START parcel_parse.py: 
streaming parsing 0 counties, date of 03/23/22 03:06:03
PID: 6844
Exit status: 0
COMPLETE parcel_parse.py: ijson-stream-parsing 03/23/22 03:06:03 END======
======START parcel_pip.py: 
point-in-polygon sjoin: number of parcel addresses per censusblock, for 0 states (), date of 03/23/22 03:06:03
PID: 7249
Exit status: 0
======COMPLETE parcel_pip.py: point-in-polygon sjoin 03/23/22 03:06:03 END======
======START parcel_parse.py: 
streaming parsing 0 counties, date of 03/24/22 03:06:04
PID: 20593
Exit status: 0
COMPLETE parcel_parse.py: ijson-stream-parsing 03/24/22 03:06:04 END======
======START parcel_pip.py: 
point-in-polygon sjoin: number of parcel addresses per censusblock, for 0 states (), date of 03/24/22 03:06:04
PID: 20996
Exit status: 0
======COMPLETE parcel_pip.py: point-in-polygon sjoin 03/24/22 03:06:04 END======
======START parcel_parse.py: 
streaming parsing 0 counties, date of 03/25/22 03:06:03
PID: 1813
Exit status: 0
COMPLETE parcel_parse.py: ijson-stream-parsing 03/25/22 03:06:03 END======
======START parcel_pip.py: 
point-in-polygon sjoin: number of parcel addresses per censusblock, for 0 states (), date of 03/25/22 03:06:03
PID: 2218
Exit status: 0
======COMPLETE parcel_pip.py: point-in-polygon sjoin 03/25/22 03:06:03 END======
======START parcel_parse.py: 
streaming parsing 0 counties, date of 03/26/22 03:06:03
PID: 14927
Exit status: 0
COMPLETE parcel_parse.py: ijson-stream-parsing 03/26/22 03:06:03 END======
======START parcel_pip.py: 
point-in-polygon sjoin: number of parcel addresses per censusblock, for 0 states (), date of 03/26/22 03:06:03
PID: 15331
Exit status: 0
======COMPLETE parcel_pip.py: point-in-polygon sjoin 03/26/22 03:06:03 END======
======START parcel_parse.py: 
streaming parsing 0 counties, date of 03/27/22 03:06:04
PID: 30911
Exit status: 0
COMPLETE parcel_parse.py: ijson-stream-parsing 03/27/22 03:06:04 END======
======START parcel_pip.py: 
point-in-polygon sjoin: number of parcel addresses per censusblock, for 0 states (), date of 03/27/22 03:06:04
PID: 31315
Exit status: 0
======COMPLETE parcel_pip.py: point-in-polygon sjoin 03/27/22 03:06:04 END======
======START parcel_parse.py: 
streaming parsing 0 counties, date of 03/28/22 03:06:04
PID: 17431
Exit status: 0
COMPLETE parcel_parse.py: ijson-stream-parsing 03/28/22 03:06:04 END======
======START parcel_pip.py: 
point-in-polygon sjoin: number of parcel addresses per censusblock, for 0 states (), date of 03/28/22 03:06:04
PID: 17834
Exit status: 0
======COMPLETE parcel_pip.py: point-in-polygon sjoin 03/28/22 03:06:04 END======
======START parcel_parse.py: 
streaming parsing 0 counties, date of 03/29/22 03:06:04
PID: 31484
Exit status: 0
COMPLETE parcel_parse.py: ijson-stream-parsing 03/29/22 03:06:04 END======
======START parcel_pip.py: 
point-in-polygon sjoin: number of parcel addresses per censusblock, for 0 states (), date of 03/29/22 03:06:04
PID: 31926
Exit status: 0
======COMPLETE parcel_pip.py: point-in-polygon sjoin 03/29/22 03:06:04 END======
======START parcel_parse.py: 
streaming parsing 0 counties, date of 03/30/22 03:06:04
PID: 23198
Exit status: 0
COMPLETE parcel_parse.py: ijson-stream-parsing 03/30/22 03:06:04 END======
======START parcel_pip.py: 
point-in-polygon sjoin: number of parcel addresses per censusblock, for 0 states (), date of 03/30/22 03:06:04
PID: 23603
Exit status: 0
======COMPLETE parcel_pip.py: point-in-polygon sjoin 03/30/22 03:06:04 END======
======START parcel_parse.py: 
streaming parsing 0 counties, date of 03/31/22 03:06:03
PID: 28730
Exit status: 0
COMPLETE parcel_parse.py: ijson-stream-parsing 03/31/22 03:06:03 END======
======START parcel_pip.py: 
point-in-polygon sjoin: number of parcel addresses per censusblock, for 0 states (), date of 03/31/22 03:06:03
PID: 29137
Exit status: 0
======COMPLETE parcel_pip.py: point-in-polygon sjoin 03/31/22 03:06:03 END======
======START parcel_parse.py: 
streaming parsing 0 counties, date of 04/01/22 03:06:04
PID: 28861
Exit status: 0
COMPLETE parcel_parse.py: ijson-stream-parsing 04/01/22 03:06:05 END======
======START parcel_pip.py: 
point-in-polygon sjoin: number of parcel addresses per censusblock, for 0 states (), date of 04/01/22 03:06:05
PID: 29261
Exit status: 0
======COMPLETE parcel_pip.py: point-in-polygon sjoin 04/01/22 03:06:05 END======
======START parcel_parse.py: 
streaming parsing 0 counties, date of 04/02/22 03:06:04
PID: 2750
Exit status: 0
COMPLETE parcel_parse.py: ijson-stream-parsing 04/02/22 03:06:05 END======
======START parcel_pip.py: 
point-in-polygon sjoin: number of parcel addresses per censusblock, for 0 states (), date of 04/02/22 03:06:05
PID: 3156
Exit status: 0
======COMPLETE parcel_pip.py: point-in-polygon sjoin 04/02/22 03:06:05 END======
======START parcel_parse.py: 
streaming parsing 0 counties, date of 04/03/22 03:06:03
PID: 26703
Exit status: 0
COMPLETE parcel_parse.py: ijson-stream-parsing 04/03/22 03:06:03 END======
======START parcel_pip.py: 
point-in-polygon sjoin: number of parcel addresses per censusblock, for 0 states (), date of 04/03/22 03:06:03
PID: 27105
Exit status: 0
======COMPLETE parcel_pip.py: point-in-polygon sjoin 04/03/22 03:06:03 END======
======START parcel_parse.py: 
streaming parsing 0 counties, date of 04/04/22 03:06:03
PID: 6745
Exit status: 0
COMPLETE parcel_parse.py: ijson-stream-parsing 04/04/22 03:06:03 END======
======START parcel_pip.py: 
point-in-polygon sjoin: number of parcel addresses per censusblock, for 0 states (), date of 04/04/22 03:06:03
PID: 7155
Exit status: 0
======COMPLETE parcel_pip.py: point-in-polygon sjoin 04/04/22 03:06:03 END======
======START parcel_parse.py: 
streaming parsing 0 counties, date of 04/05/22 03:06:04
PID: 19759
Exit status: 0
COMPLETE parcel_parse.py: ijson-stream-parsing 04/05/22 03:06:04 END======
======START parcel_pip.py: 
point-in-polygon sjoin: number of parcel addresses per censusblock, for 0 states (), date of 04/05/22 03:06:04
PID: 20164
Exit status: 0
======COMPLETE parcel_pip.py: point-in-polygon sjoin 04/05/22 03:06:04 END======
======START parcel_parse.py: 
streaming parsing 0 counties, date of 04/06/22 03:06:05
PID: 12449
Exit status: 0
COMPLETE parcel_parse.py: ijson-stream-parsing 04/06/22 03:06:05 END======
======START parcel_pip.py: 
point-in-polygon sjoin: number of parcel addresses per censusblock, for 0 states (), date of 04/06/22 03:06:05
PID: 12851
Exit status: 0
======COMPLETE parcel_pip.py: point-in-polygon sjoin 04/06/22 03:06:05 END======
======START parcel_parse.py: 
streaming parsing 0 counties, date of 04/07/22 03:06:05
PID: 16696
Exit status: 0
COMPLETE parcel_parse.py: ijson-stream-parsing 04/07/22 03:06:05 END======
======START parcel_pip.py: 
point-in-polygon sjoin: number of parcel addresses per censusblock, for 0 states (), date of 04/07/22 03:06:05
PID: 17090
Exit status: 0
======COMPLETE parcel_pip.py: point-in-polygon sjoin 04/07/22 03:06:05 END======
======START parcel_parse.py: 
streaming parsing 0 counties, date of 04/08/22 03:06:05
PID: 6494
Exit status: 0
COMPLETE parcel_parse.py: ijson-stream-parsing 04/08/22 03:06:05 END======
======START parcel_pip.py: 
point-in-polygon sjoin: number of parcel addresses per censusblock, for 0 states (), date of 04/08/22 03:06:05
PID: 6889
Exit status: 0
======COMPLETE parcel_pip.py: point-in-polygon sjoin 04/08/22 03:06:05 END======
======START parcel_parse.py: 
streaming parsing 0 counties, date of 04/09/22 03:06:06
PID: 27186
Exit status: 0
COMPLETE parcel_parse.py: ijson-stream-parsing 04/09/22 03:06:06 END======
======START parcel_pip.py: 
point-in-polygon sjoin: number of parcel addresses per censusblock, for 0 states (), date of 04/09/22 03:06:06
PID: 27579
Exit status: 0
======COMPLETE parcel_pip.py: point-in-polygon sjoin 04/09/22 03:06:06 END======
======START parcel_parse.py: 
streaming parsing 0 counties, date of 04/10/22 03:06:04
PID: 8624
Exit status: 0
COMPLETE parcel_parse.py: ijson-stream-parsing 04/10/22 03:06:04 END======
======START parcel_pip.py: 
point-in-polygon sjoin: number of parcel addresses per censusblock, for 0 states (), date of 04/10/22 03:06:04
PID: 9033
Exit status: 0
======COMPLETE parcel_pip.py: point-in-polygon sjoin 04/10/22 03:06:04 END======
======START parcel_parse.py: 
streaming parsing 0 counties, date of 04/11/22 03:06:06
PID: 14163
Exit status: 0
COMPLETE parcel_parse.py: ijson-stream-parsing 04/11/22 03:06:06 END======
======START parcel_pip.py: 
point-in-polygon sjoin: number of parcel addresses per censusblock, for 0 states (), date of 04/11/22 03:06:06
PID: 14558
Exit status: 0
======COMPLETE parcel_pip.py: point-in-polygon sjoin 04/11/22 03:06:06 END======
======START parcel_parse.py: 
streaming parsing 0 counties, date of 04/12/22 03:06:06
PID: 12834
Exit status: 0
COMPLETE parcel_parse.py: ijson-stream-parsing 04/12/22 03:06:07 END======
======START parcel_pip.py: 
point-in-polygon sjoin: number of parcel addresses per censusblock, for 0 states (), date of 04/12/22 03:06:07
PID: 13229
Exit status: 0
======COMPLETE parcel_pip.py: point-in-polygon sjoin 04/12/22 03:06:07 END======
======START parcel_parse.py: 
streaming parsing 0 counties, date of 04/13/22 03:06:06
PID: 26995
Exit status: 0
COMPLETE parcel_parse.py: ijson-stream-parsing 04/13/22 03:06:07 END======
======START parcel_pip.py: 
point-in-polygon sjoin: number of parcel addresses per censusblock, for 0 states (), date of 04/13/22 03:06:07
PID: 27391
Exit status: 0
======COMPLETE parcel_pip.py: point-in-polygon sjoin 04/13/22 03:06:07 END======
======START parcel_parse.py: 
streaming parsing 0 counties, date of 04/14/22 03:06:05
PID: 8828
Exit status: 0
COMPLETE parcel_parse.py: ijson-stream-parsing 04/14/22 03:06:06 END======
======START parcel_pip.py: 
point-in-polygon sjoin: number of parcel addresses per censusblock, for 0 states (), date of 04/14/22 03:06:06
PID: 9264
Exit status: 0
======COMPLETE parcel_pip.py: point-in-polygon sjoin 04/14/22 03:06:06 END======
======START parcel_parse.py: 
streaming parsing 0 counties, date of 04/15/22 03:06:06
PID: 22661
Exit status: 0
COMPLETE parcel_parse.py: ijson-stream-parsing 04/15/22 03:06:06 END======
======START parcel_pip.py: 
point-in-polygon sjoin: number of parcel addresses per censusblock, for 0 states (), date of 04/15/22 03:06:06
PID: 23071
Exit status: 0
======COMPLETE parcel_pip.py: point-in-polygon sjoin 04/15/22 03:06:06 END======
======START parcel_parse.py: 
streaming parsing 0 counties, date of 04/16/22 03:06:06
PID: 2829
Exit status: 0
COMPLETE parcel_parse.py: ijson-stream-parsing 04/16/22 03:06:07 END======
======START parcel_pip.py: 
point-in-polygon sjoin: number of parcel addresses per censusblock, for 0 states (), date of 04/16/22 03:06:07
PID: 3229
Exit status: 0
======COMPLETE parcel_pip.py: point-in-polygon sjoin 04/16/22 03:06:07 END======
======START parcel_parse.py: 
streaming parsing 0 counties, date of 04/17/22 03:06:04
PID: 17459
Exit status: 0
COMPLETE parcel_parse.py: ijson-stream-parsing 04/17/22 03:06:04 END======
======START parcel_pip.py: 
point-in-polygon sjoin: number of parcel addresses per censusblock, for 0 states (), date of 04/17/22 03:06:04
PID: 17882
Exit status: 0
======COMPLETE parcel_pip.py: point-in-polygon sjoin 04/17/22 03:06:04 END======
======START parcel_parse.py: 
streaming parsing 0 counties, date of 04/18/22 03:06:04
PID: 30587
Exit status: 0
COMPLETE parcel_parse.py: ijson-stream-parsing 04/18/22 03:06:04 END======
======START parcel_pip.py: 
point-in-polygon sjoin: number of parcel addresses per censusblock, for 0 states (), date of 04/18/22 03:06:04
PID: 30994
Exit status: 0
======COMPLETE parcel_pip.py: point-in-polygon sjoin 04/18/22 03:06:04 END======
======START parcel_parse.py: 
streaming parsing 0 counties, date of 04/19/22 03:06:06
PID: 7714
Exit status: 0
COMPLETE parcel_parse.py: ijson-stream-parsing 04/19/22 03:06:06 END======
======START parcel_pip.py: 
point-in-polygon sjoin: number of parcel addresses per censusblock, for 0 states (), date of 04/19/22 03:06:06
PID: 8110
Exit status: 0
======COMPLETE parcel_pip.py: point-in-polygon sjoin 04/19/22 03:06:06 END======
======START parcel_parse.py: 
streaming parsing 0 counties, date of 04/20/22 03:06:05
PID: 13235
Exit status: 0
COMPLETE parcel_parse.py: ijson-stream-parsing 04/20/22 03:06:06 END======
======START parcel_pip.py: 
point-in-polygon sjoin: number of parcel addresses per censusblock, for 0 states (), date of 04/20/22 03:06:06
PID: 13627
Exit status: 0
======COMPLETE parcel_pip.py: point-in-polygon sjoin 04/20/22 03:06:06 END======
======START parcel_parse.py: 
streaming parsing 0 counties, date of 04/21/22 03:06:04
PID: 28877
Exit status: 0
COMPLETE parcel_parse.py: ijson-stream-parsing 04/21/22 03:06:05 END======
======START parcel_pip.py: 
point-in-polygon sjoin: number of parcel addresses per censusblock, for 0 states (), date of 04/21/22 03:06:05
PID: 29291
Exit status: 0
======COMPLETE parcel_pip.py: point-in-polygon sjoin 04/21/22 03:06:05 END======
======START parcel_parse.py: 
streaming parsing 0 counties, date of 04/22/22 03:06:06
PID: 15618
Exit status: 0
COMPLETE parcel_parse.py: ijson-stream-parsing 04/22/22 03:06:06 END======
======START parcel_pip.py: 
point-in-polygon sjoin: number of parcel addresses per censusblock, for 0 states (), date of 04/22/22 03:06:06
PID: 16029
Exit status: 0
======COMPLETE parcel_pip.py: point-in-polygon sjoin 04/22/22 03:06:06 END======
======START parcel_parse.py: 
streaming parsing 0 counties, date of 04/23/22 03:06:06
PID: 26341
Exit status: 0
COMPLETE parcel_parse.py: ijson-stream-parsing 04/23/22 03:06:06 END======
======START parcel_pip.py: 
point-in-polygon sjoin: number of parcel addresses per censusblock, for 0 states (), date of 04/23/22 03:06:06
PID: 26735
Exit status: 0
======COMPLETE parcel_pip.py: point-in-polygon sjoin 04/23/22 03:06:06 END======
======START parcel_parse.py: 
streaming parsing 0 counties, date of 04/24/22 03:06:04
PID: 7213
Exit status: 0
COMPLETE parcel_parse.py: ijson-stream-parsing 04/24/22 03:06:04 END======
======START parcel_pip.py: 
point-in-polygon sjoin: number of parcel addresses per censusblock, for 0 states (), date of 04/24/22 03:06:04
PID: 7619
Exit status: 0
======COMPLETE parcel_pip.py: point-in-polygon sjoin 04/24/22 03:06:04 END======
======START parcel_parse.py: 
streaming parsing 0 counties, date of 04/25/22 03:06:04
PID: 20120
Exit status: 0
COMPLETE parcel_parse.py: ijson-stream-parsing 04/25/22 03:06:04 END======
======START parcel_pip.py: 
point-in-polygon sjoin: number of parcel addresses per censusblock, for 0 states (), date of 04/25/22 03:06:04
PID: 20523
Exit status: 0
======COMPLETE parcel_pip.py: point-in-polygon sjoin 04/25/22 03:06:05 END======
======START parcel_parse.py: 
streaming parsing 0 counties, date of 04/26/22 03:06:06
PID: 18260
Exit status: 0
COMPLETE parcel_parse.py: ijson-stream-parsing 04/26/22 03:06:07 END======
======START parcel_pip.py: 
point-in-polygon sjoin: number of parcel addresses per censusblock, for 0 states (), date of 04/26/22 03:06:07
PID: 18652
Exit status: 0
======COMPLETE parcel_pip.py: point-in-polygon sjoin 04/26/22 03:06:07 END======
======START parcel_parse.py: 
streaming parsing 0 counties, date of 04/27/22 03:06:06
PID: 28303
Exit status: 0
COMPLETE parcel_parse.py: ijson-stream-parsing 04/27/22 03:06:06 END======
======START parcel_pip.py: 
point-in-polygon sjoin: number of parcel addresses per censusblock, for 0 states (), date of 04/27/22 03:06:06
PID: 28700
Exit status: 0
======COMPLETE parcel_pip.py: point-in-polygon sjoin 04/27/22 03:06:06 END======
======START parcel_parse.py: 
streaming parsing 0 counties, date of 04/28/22 03:06:07
PID: 14016
Exit status: 0
COMPLETE parcel_parse.py: ijson-stream-parsing 04/28/22 03:06:07 END======
======START parcel_pip.py: 
point-in-polygon sjoin: number of parcel addresses per censusblock, for 0 states (), date of 04/28/22 03:06:07
PID: 14404
Exit status: 0
======COMPLETE parcel_pip.py: point-in-polygon sjoin 04/28/22 03:06:07 END======
======START parcel_parse.py: 
streaming parsing 0 counties, date of 04/29/22 03:06:12
PID: 28984
Exit status: 0
COMPLETE parcel_parse.py: ijson-stream-parsing 04/29/22 03:06:12 END======
======START parcel_pip.py: 
point-in-polygon sjoin: number of parcel addresses per censusblock, for 0 states (), date of 04/29/22 03:06:12
PID: 29380
Exit status: 0
======COMPLETE parcel_pip.py: point-in-polygon sjoin 04/29/22 03:06:12 END======
======START parcel_parse.py: 
streaming parsing 0 counties, date of 04/30/22 03:06:06
PID: 10412
Exit status: 0
COMPLETE parcel_parse.py: ijson-stream-parsing 04/30/22 03:06:06 END======
======START parcel_pip.py: 
point-in-polygon sjoin: number of parcel addresses per censusblock, for 0 states (), date of 04/30/22 03:06:06
PID: 10817
Exit status: 0
======COMPLETE parcel_pip.py: point-in-polygon sjoin 04/30/22 03:06:06 END======
======START parcel_parse.py: 
streaming parsing 0 counties, date of 05/01/22 03:06:05
PID: 23427
Exit status: 0
COMPLETE parcel_parse.py: ijson-stream-parsing 05/01/22 03:06:05 END======
======START parcel_pip.py: 
point-in-polygon sjoin: number of parcel addresses per censusblock, for 0 states (), date of 05/01/22 03:06:05
PID: 23854
Exit status: 0
======COMPLETE parcel_pip.py: point-in-polygon sjoin 05/01/22 03:06:05 END======
======START parcel_parse.py: 
streaming parsing 0 counties, date of 05/02/22 03:06:04
PID: 3642
Exit status: 0
COMPLETE parcel_parse.py: ijson-stream-parsing 05/02/22 03:06:05 END======
======START parcel_pip.py: 
point-in-polygon sjoin: number of parcel addresses per censusblock, for 0 states (), date of 05/02/22 03:06:05
PID: 4054
Exit status: 0
======COMPLETE parcel_pip.py: point-in-polygon sjoin 05/02/22 03:06:05 END======
======START parcel_parse.py: 
streaming parsing 0 counties, date of 05/03/22 03:06:08
PID: 17797
Exit status: 0
COMPLETE parcel_parse.py: ijson-stream-parsing 05/03/22 03:06:08 END======
======START parcel_pip.py: 
point-in-polygon sjoin: number of parcel addresses per censusblock, for 0 states (), date of 05/03/22 03:06:08
PID: 18193
Exit status: 0
======COMPLETE parcel_pip.py: point-in-polygon sjoin 05/03/22 03:06:08 END======
